INFO:root: 2018/1/22 UTC[14:36:2] - Initiated Pre-Processing
INFO:root: 2018/1/22 UTC[16:48:27] - Initiated Pre-Processing
INFO:root:File extensions present in image datasets: ()
INFO:root:Processing...
INFO:root:Pre-Processing Complete. Please visit your report and review the contents.

	REPORT LOCATION > E:\TaxMapsProject\Testing\Test_OneImage\20180122_AllTaxMapImages\20180122_TaxMapReportFile.csv
INFO:root:	CONSOLIDATED IMAGE FILES PATH > E:\TaxMapsProject\Testing\Test_OneImage\20180122_AllTaxMapImages
INFO:root: 2018/1/22 UTC[16:51:9] - Initiated Pre-Processing
INFO:root:File extensions present in image datasets: ()
INFO:root: 2018/1/22 UTC[16:52:4] - Initiated Pre-Processing
INFO:root:File extensions present in image datasets: ()
INFO:root:Processing...
INFO:root:Pre-Processing Complete. Please visit your report and review the contents.

	REPORT LOCATION > E:\TaxMapsProject\Testing\Test_OneImage\20180122_AllTaxMapImages\20180122_TaxMapReportFile.csv
INFO:root:	CONSOLIDATED IMAGE FILES PATH > E:\TaxMapsProject\Testing\Test_OneImage\20180122_AllTaxMapImages
INFO:root: 2018/1/22 UTC[16:53:25] - Initiated Pre-Processing
INFO:root:File extensions present in image datasets: ()
INFO:root:Processing...
INFO:root:Pre-Processing Complete. Please visit your report and review the contents.

	REPORT LOCATION > E:\TaxMapsProject\Testing\Test_OneImage\20180122_AllTaxMapImages\20180122_TaxMapReportFile.csv
INFO:root:	CONSOLIDATED IMAGE FILES PATH > E:\TaxMapsProject\Testing\Test_OneImage\20180122_AllTaxMapImages
INFO:root: 2018/1/22 UTC[17:3:3] - Initiated Pre-Processing
ERROR:root:Error walking directory and checking file extensions.
unsupported operand type(s) for +: 'NoneType' and 'list'
INFO:root: 2018/1/22 UTC[17:4:18] - Initiated Pre-Processing
ERROR:root:Error walking directory and checking file extensions.
'NoneType' object is not iterable
INFO:root: 2018/1/22 UTC[17:7:8] - Initiated Pre-Processing
ERROR:root:Error walking directory and checking file extensions.
'NoneType' object is not iterable
INFO:root: 2018/1/22 UTC[17:8:31] - Initiated Pre-Processing
ERROR:root:Error walking directory and checking file extensions.
'NoneType' object is not iterable
INFO:root: 2018/1/22 UTC[17:11:6] - Initiated Pre-Processing
ERROR:root:Error walking directory and checking file extensions.
'NoneType' object is not iterable
INFO:root: 2018/1/22 UTC[17:13:43] - Initiated Pre-Processing
ERROR:root:Error walking directory and checking file extensions.
'NoneType' object is not iterable
INFO:root: 2018/1/22 UTC[17:15:28] - Initiated Pre-Processing
ERROR:root:Error walking directory and checking file extensions.
'NoneType' object is not iterable
INFO:root: 2018/1/22 UTC[17:16:46] - Initiated Pre-Processing
INFO:root:File extensions present in image datasets: ('tfw', 'tif.xml', 'tif')
INFO:root: 2018/1/22 UTC[17:17:26] - Initiated Pre-Processing
INFO:root:File extensions present in image datasets: ('tfw', 'tif.xml', 'tif')
INFO:root:Processing...
INFO:root: 2018/1/22 UTC[17:19:41] - Initiated Pre-Processing
INFO:root:File extensions present in image datasets: ('tfw', 'tif.xml', 'tif')
INFO:root:Processing...
INFO:root:Pre-Processing Complete. Please visit your report and review the contents.

	REPORT LOCATION > E:\TaxMapsProject\Testing\Test_OneImage\20180122_AllTaxMapImages\20180122_TaxMapReportFile.csv
INFO:root:	CONSOLIDATED IMAGE FILES PATH > E:\TaxMapsProject\Testing\Test_OneImage\20180122_AllTaxMapImages
INFO:root: 2018/1/22 UTC[17:20:44] - Initiated Pre-Processing
INFO:root:File extensions present in image datasets: ('tfw', 'tif.xml', 'tif')
INFO:root:Processing...
INFO:root:Pre-Processing Complete. Please visit your report and review the contents.

	REPORT LOCATION > E:\TaxMapsProject\Testing\Test_OneImage\20180122_AllTaxMapImages\20180122_TaxMapReportFile.csv
INFO:root:	CONSOLIDATED IMAGE FILES PATH > E:\TaxMapsProject\Testing\Test_OneImage\20180122_AllTaxMapImages
INFO:root: 2018/1/22 UTC[17:22:9] - Initiated Pre-Processing
INFO:root:File extensions present in image datasets: ('tfw', 'tif.xml', 'tif')
INFO:root:Processing...
INFO:root: 2018/1/22 UTC[17:28:44] - Initiated Pre-Processing
INFO:root:File extensions present in image datasets: ('tfw', 'tif.xml', 'tif')
INFO:root:Processing...
INFO:root: 2018/1/22 UTC[17:29:55] - Initiated Pre-Processing
INFO:root:File extensions present in image datasets: ('tfw', 'tif.xml', 'tif')
INFO:root:Processing...
INFO:root:Pre-Processing Complete. Please visit your report and review the contents.

	REPORT LOCATION > E:\TaxMapsProject\Testing\Test_OneImage\20180122_AllTaxMapImages\20180122_TaxMapReportFile.csv
INFO:root:	CONSOLIDATED IMAGE FILES PATH > E:\TaxMapsProject\Testing\Test_OneImage\20180122_AllTaxMapImages
INFO:root: 2018/1/22 UTC[17:33:8] - Initiated Pre-Processing
INFO:root:File extensions present in image datasets: ('tfw', 'tif.xml', 'tif')
INFO:root:Processing...
INFO:root:Pre-Processing Complete. Please visit your report and review the contents.

	REPORT LOCATION > E:\TaxMapsProject\Testing\Test_OneImage\20180122_AllTaxMapImages\20180122_TaxMapReportFile.csv
INFO:root:	CONSOLIDATED IMAGE FILES PATH > E:\TaxMapsProject\Testing\Test_OneImage\20180122_AllTaxMapImages
INFO:root: 2018/1/22 UTC[17:34:5] - Initiated Pre-Processing
INFO:root:File extensions present in image datasets: ('tfw', 'tif.xml', 'tif')
INFO:root:Processing...
INFO:root:Pre-Processing Complete. Please visit your report and review the contents.

	REPORT LOCATION > E:\TaxMapsProject\Testing\Test_OneImage\20180122_AllTaxMapImages\20180122_TaxMapReportFile.csv
INFO:root:	CONSOLIDATED IMAGE FILES PATH > E:\TaxMapsProject\Testing\Test_OneImage\20180122_AllTaxMapImages
INFO:root: 2018/1/22 UTC[17:34:48] - Initiated Pre-Processing
INFO:root:File extensions present in image datasets: ('tfw', 'tif.xml', 'tif')
INFO:root:Processing...
INFO:root:Pre-Processing Complete. Please visit your report and review the contents.

	REPORT LOCATION > E:\TaxMapsProject\Testing\Test_OneImage\20180122_AllTaxMapImages\20180122_TaxMapReportFile.csv
INFO:root:	CONSOLIDATED IMAGE FILES PATH > E:\TaxMapsProject\Testing\Test_OneImage\20180122_AllTaxMapImages
INFO:root: 2018/1/22 UTC[17:36:27] - Initiated Pre-Processing
INFO:root:File extensions present in image datasets: ('tfw', 'tif.xml', 'tif')
INFO:root:Processing...
INFO:root:Pre-Processing Complete. Please visit your report and review the contents.

	REPORT LOCATION > E:\TaxMapsProject\Testing\Test_OneImage\20180122_AllTaxMapImages\20180122_TaxMapReportFile.csv
INFO:root:	CONSOLIDATED IMAGE FILES PATH > E:\TaxMapsProject\Testing\Test_OneImage\20180122_AllTaxMapImages
INFO:root: 2018/1/22 UTC[17:39:27] - Initiated Pre-Processing
INFO:root:File extensions present in image datasets: ('tfw', 'tif.xml', 'tif')
INFO:root:Processing...
INFO:root:Pre-Processing Complete. Please visit your report and review the contents.

	REPORT LOCATION > E:\TaxMapsProject\Testing\Test_OneImage\20180122_AllTaxMapImages\20180122_TaxMapReportFile.csv
INFO:root:	CONSOLIDATED IMAGE FILES PATH > E:\TaxMapsProject\Testing\Test_OneImage\20180122_AllTaxMapImages
INFO:root: 2018/1/22 UTC[17:40:21] - Initiated Pre-Processing
INFO:root:File extensions present in image datasets: ('tfw', 'tif.xml', 'tif')
INFO:root:Processing...
INFO:root:Pre-Processing Complete. Please visit your report and review the contents.

	REPORT LOCATION > E:\TaxMapsProject\Testing\Test_OneImage\20180122_AllTaxMapImages\20180122_TaxMapReportFile.csv
INFO:root:	CONSOLIDATED IMAGE FILES PATH > E:\TaxMapsProject\Testing\Test_OneImage\20180122_AllTaxMapImages
INFO:root: 2018/1/22 UTC[17:41:33] - Initiated Pre-Processing
INFO:root:File extensions present in image datasets: ('tfw', 'tif.xml', 'tif')
INFO:root:Processing...
INFO:root:Pre-Processing Complete. Please visit your report and review the contents.

	REPORT LOCATION > E:\TaxMapsProject\Testing\Test_OneImage\20180122_AllTaxMapImages\20180122_TaxMapReportFile.csv
INFO:root:	CONSOLIDATED IMAGE FILES PATH > E:\TaxMapsProject\Testing\Test_OneImage\20180122_AllTaxMapImages
INFO:root: 2018/1/22 UTC[17:43:7] - Initiated Pre-Processing
INFO:root:File extensions present in image datasets: ('tfw', 'tif.xml', 'tif')
INFO:root:Processing...
INFO:root:Pre-Processing Complete. Please visit your report and review the contents.

	REPORT LOCATION > E:\TaxMapsProject\Testing\Test_OneImage\20180122_AllTaxMapImages\20180122_TaxMapReportFile.csv
INFO:root:	CONSOLIDATED IMAGE FILES PATH > E:\TaxMapsProject\Testing\Test_OneImage\20180122_AllTaxMapImages
INFO:root: 2018/1/22 UTC[18:8:6] - Initiated Pre-Processing
INFO:root:File extensions present in image datasets: ('tfw', 'tif.xml', 'tif')
INFO:root:Processing...
INFO:root:Pre-Processing Complete. Please visit your report and review the contents.

	REPORT LOCATION > E:\TaxMapsProject\Testing\Test_OneImage\20180122_AllTaxMapImages\20180122_TaxMapReportFile.csv
INFO:root:	CONSOLIDATED IMAGE FILES PATH > E:\TaxMapsProject\Testing\Test_OneImage\20180122_AllTaxMapImages
